{"contracts/AtomicSwapERC20.sol":{"l":{"32":2,"33":1,"38":2,"39":1,"44":1,"45":1,"50":0,"51":0,"56":1,"57":1,"62":1,"64":1,"65":1,"66":1,"69":1,"78":1,"79":1,"84":1,"85":1,"86":1,"89":1,"90":1,"95":0,"96":0,"99":0,"100":0,"104":1,"105":1,"109":1,"110":1},"path":"/Users/susruth/Desktop/Republic/atomic-swap/contracts/AtomicSwapERC20.sol","s":{"1":2,"2":2,"3":1,"4":0,"5":1,"6":1,"7":1,"8":1,"9":1,"10":1,"11":1,"12":1,"13":1,"14":1,"15":1,"16":1,"17":1,"18":0,"19":0,"20":0,"21":0,"22":1,"23":1,"24":1,"25":1},"b":{"1":[1,1],"2":[1,1],"3":[1,0],"4":[0,0],"5":[1,0],"6":[1,0],"7":[1,0],"8":[1,0],"9":[1,0],"10":[0,0]},"f":{"1":2,"2":2,"3":1,"4":0,"5":1,"6":1,"7":1,"8":0,"9":1,"10":1},"fnMap":{"1":{"name":"onlyInvalidSwaps","line":31,"loc":{"start":{"line":31,"column":2},"end":{"line":31,"column":44}}},"2":{"name":"onlyOpenSwaps","line":37,"loc":{"start":{"line":37,"column":2},"end":{"line":37,"column":41}}},"3":{"name":"onlyClosedSwaps","line":43,"loc":{"start":{"line":43,"column":2},"end":{"line":43,"column":43}}},"4":{"name":"onlyExpirableSwaps","line":49,"loc":{"start":{"line":49,"column":2},"end":{"line":49,"column":46}}},"5":{"name":"onlyWithSecretKey","line":55,"loc":{"start":{"line":55,"column":2},"end":{"line":55,"column":63}}},"6":{"name":"open","line":61,"loc":{"start":{"line":61,"column":2},"end":{"line":61,"column":163}}},"7":{"name":"close","line":82,"loc":{"start":{"line":82,"column":2},"end":{"line":82,"column":120}}},"8":{"name":"expire","line":93,"loc":{"start":{"line":93,"column":2},"end":{"line":93,"column":92}}},"9":{"name":"check","line":103,"loc":{"start":{"line":103,"column":2},"end":{"line":103,"column":171}}},"10":{"name":"checkSecretKey","line":108,"loc":{"start":{"line":108,"column":2},"end":{"line":108,"column":105}}}},"statementMap":{"1":{"start":{"line":32,"column":4},"end":{"line":32,"column":654}},"2":{"start":{"line":38,"column":4},"end":{"line":38,"column":767}},"3":{"start":{"line":44,"column":4},"end":{"line":44,"column":879}},"4":{"start":{"line":50,"column":4},"end":{"line":50,"column":996}},"5":{"start":{"line":56,"column":4},"end":{"line":56,"column":1134}},"6":{"start":{"line":62,"column":4},"end":{"line":62,"column":49}},"7":{"start":{"line":64,"column":4},"end":{"line":64,"column":53}},"8":{"start":{"line":65,"column":4},"end":{"line":65,"column":77}},"9":{"start":{"line":66,"column":4},"end":{"line":66,"column":78}},"10":{"start":{"line":69,"column":4},"end":{"line":69,"column":1750}},"11":{"start":{"line":78,"column":4},"end":{"line":78,"column":24}},"12":{"start":{"line":79,"column":4},"end":{"line":79,"column":36}},"13":{"start":{"line":84,"column":4},"end":{"line":84,"column":36}},"14":{"start":{"line":85,"column":4},"end":{"line":85,"column":40}},"15":{"start":{"line":86,"column":4},"end":{"line":86,"column":38}},"16":{"start":{"line":89,"column":4},"end":{"line":89,"column":57}},"17":{"start":{"line":90,"column":4},"end":{"line":90,"column":72}},"18":{"start":{"line":95,"column":4},"end":{"line":95,"column":36}},"19":{"start":{"line":96,"column":4},"end":{"line":96,"column":39}},"20":{"start":{"line":99,"column":4},"end":{"line":99,"column":57}},"21":{"start":{"line":100,"column":4},"end":{"line":100,"column":69}},"22":{"start":{"line":104,"column":4},"end":{"line":104,"column":36}},"23":{"start":{"line":105,"column":4},"end":{"line":105,"column":113}},"24":{"start":{"line":109,"column":4},"end":{"line":109,"column":36}},"25":{"start":{"line":110,"column":4},"end":{"line":110,"column":25}}},"branchMap":{"1":{"line":32,"type":"if","locations":[{"start":{"line":32,"column":4},"end":{"line":32,"column":4}},{"start":{"line":32,"column":4},"end":{"line":32,"column":4}}]},"2":{"line":38,"type":"if","locations":[{"start":{"line":38,"column":4},"end":{"line":38,"column":4}},{"start":{"line":38,"column":4},"end":{"line":38,"column":4}}]},"3":{"line":44,"type":"if","locations":[{"start":{"line":44,"column":4},"end":{"line":44,"column":4}},{"start":{"line":44,"column":4},"end":{"line":44,"column":4}}]},"4":{"line":50,"type":"if","locations":[{"start":{"line":50,"column":4},"end":{"line":50,"column":4}},{"start":{"line":50,"column":4},"end":{"line":50,"column":4}}]},"5":{"line":56,"type":"if","locations":[{"start":{"line":56,"column":4},"end":{"line":56,"column":4}},{"start":{"line":56,"column":4},"end":{"line":56,"column":4}}]},"6":{"line":62,"type":"if","locations":[{"start":{"line":62,"column":4},"end":{"line":62,"column":4}},{"start":{"line":62,"column":4},"end":{"line":62,"column":4}}]},"7":{"line":65,"type":"if","locations":[{"start":{"line":65,"column":4},"end":{"line":65,"column":4}},{"start":{"line":65,"column":4},"end":{"line":65,"column":4}}]},"8":{"line":66,"type":"if","locations":[{"start":{"line":66,"column":4},"end":{"line":66,"column":4}},{"start":{"line":66,"column":4},"end":{"line":66,"column":4}}]},"9":{"line":90,"type":"if","locations":[{"start":{"line":90,"column":4},"end":{"line":90,"column":4}},{"start":{"line":90,"column":4},"end":{"line":90,"column":4}}]},"10":{"line":100,"type":"if","locations":[{"start":{"line":100,"column":4},"end":{"line":100,"column":4}},{"start":{"line":100,"column":4},"end":{"line":100,"column":4}}]}}},"contracts/AtomicSwapERC20ToERC20.sol":{"l":{"31":2,"32":1,"37":2,"38":1,"45":1,"46":1,"47":1,"50":1,"58":1,"59":1,"64":1,"65":1,"68":1,"69":1,"70":1,"73":1,"74":1,"79":0,"80":0,"83":0,"84":0,"88":1,"89":1},"path":"/Users/susruth/Desktop/Republic/atomic-swap/contracts/AtomicSwapERC20ToERC20.sol","s":{"1":2,"2":2,"3":1,"4":1,"5":1,"6":1,"7":1,"8":1,"9":1,"10":1,"11":1,"12":1,"13":1,"14":1,"15":1,"16":0,"17":0,"18":0,"19":0,"20":1,"21":1},"b":{"1":[1,1],"2":[1,1],"3":[1,0],"4":[1,0],"5":[1,0],"6":[1,0],"7":[1,0],"8":[0,0]},"f":{"1":2,"2":2,"3":1,"4":1,"5":0,"6":1},"fnMap":{"1":{"name":"onlyInvalidSwaps","line":30,"loc":{"start":{"line":30,"column":2},"end":{"line":30,"column":44}}},"2":{"name":"onlyOpenSwaps","line":36,"loc":{"start":{"line":36,"column":2},"end":{"line":36,"column":41}}},"3":{"name":"open","line":43,"loc":{"start":{"line":43,"column":2},"end":{"line":43,"column":189}}},"4":{"name":"close","line":62,"loc":{"start":{"line":62,"column":2},"end":{"line":62,"column":63}}},"5":{"name":"expire","line":77,"loc":{"start":{"line":77,"column":2},"end":{"line":77,"column":64}}},"6":{"name":"check","line":87,"loc":{"start":{"line":87,"column":2},"end":{"line":87,"column":173}}}},"statementMap":{"1":{"start":{"line":31,"column":4},"end":{"line":31,"column":645}},"2":{"start":{"line":37,"column":4},"end":{"line":37,"column":758}},"3":{"start":{"line":45,"column":4},"end":{"line":45,"column":56}},"4":{"start":{"line":46,"column":4},"end":{"line":46,"column":80}},"5":{"start":{"line":47,"column":4},"end":{"line":47,"column":81}},"6":{"start":{"line":50,"column":4},"end":{"line":50,"column":1347}},"7":{"start":{"line":58,"column":4},"end":{"line":58,"column":24}},"8":{"start":{"line":59,"column":4},"end":{"line":59,"column":36}},"9":{"start":{"line":64,"column":4},"end":{"line":64,"column":36}},"10":{"start":{"line":65,"column":4},"end":{"line":65,"column":38}},"11":{"start":{"line":68,"column":4},"end":{"line":68,"column":62}},"12":{"start":{"line":69,"column":4},"end":{"line":69,"column":92}},"13":{"start":{"line":70,"column":4},"end":{"line":70,"column":95}},"14":{"start":{"line":73,"column":4},"end":{"line":73,"column":60}},"15":{"start":{"line":74,"column":4},"end":{"line":74,"column":72}},"16":{"start":{"line":79,"column":4},"end":{"line":79,"column":36}},"17":{"start":{"line":80,"column":4},"end":{"line":80,"column":39}},"18":{"start":{"line":83,"column":4},"end":{"line":83,"column":60}},"19":{"start":{"line":84,"column":4},"end":{"line":84,"column":71}},"20":{"start":{"line":88,"column":4},"end":{"line":88,"column":36}},"21":{"start":{"line":89,"column":4},"end":{"line":89,"column":115}}},"branchMap":{"1":{"line":31,"type":"if","locations":[{"start":{"line":31,"column":4},"end":{"line":31,"column":4}},{"start":{"line":31,"column":4},"end":{"line":31,"column":4}}]},"2":{"line":37,"type":"if","locations":[{"start":{"line":37,"column":4},"end":{"line":37,"column":4}},{"start":{"line":37,"column":4},"end":{"line":37,"column":4}}]},"3":{"line":46,"type":"if","locations":[{"start":{"line":46,"column":4},"end":{"line":46,"column":4}},{"start":{"line":46,"column":4},"end":{"line":46,"column":4}}]},"4":{"line":47,"type":"if","locations":[{"start":{"line":47,"column":4},"end":{"line":47,"column":4}},{"start":{"line":47,"column":4},"end":{"line":47,"column":4}}]},"5":{"line":69,"type":"if","locations":[{"start":{"line":69,"column":4},"end":{"line":69,"column":4}},{"start":{"line":69,"column":4},"end":{"line":69,"column":4}}]},"6":{"line":70,"type":"if","locations":[{"start":{"line":70,"column":4},"end":{"line":70,"column":4}},{"start":{"line":70,"column":4},"end":{"line":70,"column":4}}]},"7":{"line":74,"type":"if","locations":[{"start":{"line":74,"column":4},"end":{"line":74,"column":4}},{"start":{"line":74,"column":4},"end":{"line":74,"column":4}}]},"8":{"line":84,"type":"if","locations":[{"start":{"line":84,"column":4},"end":{"line":84,"column":4}},{"start":{"line":84,"column":4},"end":{"line":84,"column":4}}]}}},"contracts/AtomicSwapEther.sol":{"l":{"29":2,"30":2,"35":2,"36":2,"41":1,"42":1,"47":1,"48":1,"53":1,"54":1,"60":2,"68":2,"69":2,"72":2,"77":1,"78":1,"79":1,"82":1,"85":1,"90":1,"91":1,"94":1,"97":1,"101":1,"102":1,"106":1,"107":1},"path":"/Users/susruth/Desktop/Republic/atomic-swap/contracts/AtomicSwapEther.sol","s":{"1":2,"2":2,"3":1,"4":1,"5":1,"6":2,"7":2,"8":2,"9":2,"10":1,"11":1,"12":1,"13":1,"14":1,"15":1,"16":1,"17":1,"18":1,"19":1,"20":1},"b":{"1":[2,0],"2":[2,0],"3":[1,0],"4":[1,0],"5":[1,0]},"f":{"1":2,"2":2,"3":1,"4":1,"5":1,"6":2,"7":1,"8":1,"9":1,"10":1},"fnMap":{"1":{"name":"onlyInvalidSwaps","line":28,"loc":{"start":{"line":28,"column":2},"end":{"line":28,"column":44}}},"2":{"name":"onlyOpenSwaps","line":34,"loc":{"start":{"line":34,"column":2},"end":{"line":34,"column":41}}},"3":{"name":"onlyClosedSwaps","line":40,"loc":{"start":{"line":40,"column":2},"end":{"line":40,"column":43}}},"4":{"name":"onlyExpirableSwaps","line":46,"loc":{"start":{"line":46,"column":2},"end":{"line":46,"column":46}}},"5":{"name":"onlyWithSecretKey","line":52,"loc":{"start":{"line":52,"column":2},"end":{"line":52,"column":63}}},"6":{"name":"open","line":58,"loc":{"start":{"line":58,"column":2},"end":{"line":58,"column":119}}},"7":{"name":"close","line":75,"loc":{"start":{"line":75,"column":2},"end":{"line":75,"column":120}}},"8":{"name":"expire","line":88,"loc":{"start":{"line":88,"column":2},"end":{"line":88,"column":92}}},"9":{"name":"check","line":100,"loc":{"start":{"line":100,"column":2},"end":{"line":100,"column":136}}},"10":{"name":"checkSecretKey","line":105,"loc":{"start":{"line":105,"column":2},"end":{"line":105,"column":105}}}},"statementMap":{"1":{"start":{"line":29,"column":4},"end":{"line":29,"column":590}},"2":{"start":{"line":35,"column":4},"end":{"line":35,"column":703}},"3":{"start":{"line":41,"column":4},"end":{"line":41,"column":815}},"4":{"start":{"line":47,"column":4},"end":{"line":47,"column":932}},"5":{"start":{"line":53,"column":4},"end":{"line":53,"column":1073}},"6":{"start":{"line":60,"column":4},"end":{"line":60,"column":1313}},"7":{"start":{"line":68,"column":4},"end":{"line":68,"column":24}},"8":{"start":{"line":69,"column":4},"end":{"line":69,"column":36}},"9":{"start":{"line":72,"column":4},"end":{"line":72,"column":46}},"10":{"start":{"line":77,"column":4},"end":{"line":77,"column":36}},"11":{"start":{"line":78,"column":4},"end":{"line":78,"column":40}},"12":{"start":{"line":79,"column":4},"end":{"line":79,"column":38}},"13":{"start":{"line":85,"column":4},"end":{"line":85,"column":29}},"14":{"start":{"line":90,"column":4},"end":{"line":90,"column":36}},"15":{"start":{"line":91,"column":4},"end":{"line":91,"column":39}},"16":{"start":{"line":97,"column":4},"end":{"line":97,"column":18}},"17":{"start":{"line":101,"column":4},"end":{"line":101,"column":36}},"18":{"start":{"line":102,"column":4},"end":{"line":102,"column":81}},"19":{"start":{"line":106,"column":4},"end":{"line":106,"column":36}},"20":{"start":{"line":107,"column":4},"end":{"line":107,"column":25}}},"branchMap":{"1":{"line":29,"type":"if","locations":[{"start":{"line":29,"column":4},"end":{"line":29,"column":4}},{"start":{"line":29,"column":4},"end":{"line":29,"column":4}}]},"2":{"line":35,"type":"if","locations":[{"start":{"line":35,"column":4},"end":{"line":35,"column":4}},{"start":{"line":35,"column":4},"end":{"line":35,"column":4}}]},"3":{"line":41,"type":"if","locations":[{"start":{"line":41,"column":4},"end":{"line":41,"column":4}},{"start":{"line":41,"column":4},"end":{"line":41,"column":4}}]},"4":{"line":47,"type":"if","locations":[{"start":{"line":47,"column":4},"end":{"line":47,"column":4}},{"start":{"line":47,"column":4},"end":{"line":47,"column":4}}]},"5":{"line":53,"type":"if","locations":[{"start":{"line":53,"column":4},"end":{"line":53,"column":4}},{"start":{"line":53,"column":4},"end":{"line":53,"column":4}}]}}},"contracts/AtomicSwapEtherToERC20.sol":{"l":{"30":2,"31":2,"36":2,"37":2,"43":2,"50":2,"51":2,"56":1,"57":1,"60":1,"61":1,"62":1,"65":1,"70":1,"71":1,"74":1,"78":1,"79":1},"path":"/Users/susruth/Desktop/Republic/atomic-swap/contracts/AtomicSwapEtherToERC20.sol","s":{"1":2,"2":2,"3":2,"4":2,"5":2,"6":1,"7":1,"8":1,"9":1,"10":1,"11":1,"12":1,"13":1,"14":1},"b":{"1":[2,0],"2":[2,0],"3":[1,0],"4":[1,0]},"f":{"1":2,"2":2,"3":2,"4":1,"5":1,"6":1},"fnMap":{"1":{"name":"onlyInvalidSwaps","line":29,"loc":{"start":{"line":29,"column":2},"end":{"line":29,"column":44}}},"2":{"name":"onlyOpenSwaps","line":35,"loc":{"start":{"line":35,"column":2},"end":{"line":35,"column":41}}},"3":{"name":"open","line":41,"loc":{"start":{"line":41,"column":2},"end":{"line":41,"column":147}}},"4":{"name":"close","line":54,"loc":{"start":{"line":54,"column":2},"end":{"line":54,"column":63}}},"5":{"name":"expire","line":68,"loc":{"start":{"line":68,"column":2},"end":{"line":68,"column":64}}},"6":{"name":"check","line":77,"loc":{"start":{"line":77,"column":2},"end":{"line":77,"column":140}}}},"statementMap":{"1":{"start":{"line":30,"column":4},"end":{"line":30,"column":607}},"2":{"start":{"line":36,"column":4},"end":{"line":36,"column":720}},"3":{"start":{"line":43,"column":4},"end":{"line":43,"column":975}},"4":{"start":{"line":50,"column":4},"end":{"line":50,"column":24}},"5":{"start":{"line":51,"column":4},"end":{"line":51,"column":36}},"6":{"start":{"line":56,"column":4},"end":{"line":56,"column":36}},"7":{"start":{"line":57,"column":4},"end":{"line":57,"column":38}},"8":{"start":{"line":60,"column":4},"end":{"line":60,"column":57}},"9":{"start":{"line":61,"column":4},"end":{"line":61,"column":87}},"10":{"start":{"line":62,"column":4},"end":{"line":62,"column":89}},"11":{"start":{"line":70,"column":4},"end":{"line":70,"column":36}},"12":{"start":{"line":71,"column":4},"end":{"line":71,"column":39}},"13":{"start":{"line":78,"column":4},"end":{"line":78,"column":36}},"14":{"start":{"line":79,"column":4},"end":{"line":79,"column":86}}},"branchMap":{"1":{"line":30,"type":"if","locations":[{"start":{"line":30,"column":4},"end":{"line":30,"column":4}},{"start":{"line":30,"column":4},"end":{"line":30,"column":4}}]},"2":{"line":36,"type":"if","locations":[{"start":{"line":36,"column":4},"end":{"line":36,"column":4}},{"start":{"line":36,"column":4},"end":{"line":36,"column":4}}]},"3":{"line":61,"type":"if","locations":[{"start":{"line":61,"column":4},"end":{"line":61,"column":4}},{"start":{"line":61,"column":4},"end":{"line":61,"column":4}}]},"4":{"line":62,"type":"if","locations":[{"start":{"line":62,"column":4},"end":{"line":62,"column":4}},{"start":{"line":62,"column":4},"end":{"line":62,"column":4}}]}}},"contracts/ERC20.sol":{"l":{},"path":"/Users/susruth/Desktop/Republic/atomic-swap/contracts/ERC20.sol","s":{},"b":{},"f":{},"fnMap":{},"statementMap":{},"branchMap":{}},"contracts/Test2ERC20.sol":{"l":{"29":1,"34":5,"35":4,"36":4,"37":4,"38":4,"42":4,"46":2,"47":1,"48":1,"53":2,"54":1,"55":1,"56":1,"57":1,"61":2,"65":1,"66":0,"67":0,"72":2,"73":2,"74":2,"79":23,"84":4},"path":"/Users/susruth/Desktop/Republic/atomic-swap/contracts/Test2ERC20.sol","s":{"1":1,"2":5,"3":4,"4":4,"5":4,"6":4,"7":4,"8":2,"9":1,"10":1,"11":2,"12":1,"13":1,"14":1,"15":1,"16":2,"17":1,"18":0,"19":0,"20":2,"21":2,"22":2,"23":23,"24":4},"b":{"1":[4,1],"2":[1,1],"3":[1,1],"4":[0,1]},"f":{"1":1,"2":5,"3":4,"4":2,"5":2,"6":2,"7":1,"8":2,"9":23,"10":4},"fnMap":{"1":{"name":"Test2ERC20","line":28,"loc":{"start":{"line":28,"column":1},"end":{"line":28,"column":30}}},"2":{"name":"_transfer","line":33,"loc":{"start":{"line":33,"column":1},"end":{"line":33,"column":88}}},"3":{"name":"transfer","line":41,"loc":{"start":{"line":41,"column":1},"end":{"line":41,"column":70}}},"4":{"name":"transferFrom","line":45,"loc":{"start":{"line":45,"column":1},"end":{"line":45,"column":89}}},"5":{"name":"_burn","line":52,"loc":{"start":{"line":52,"column":1},"end":{"line":52,"column":71}}},"6":{"name":"burn","line":60,"loc":{"start":{"line":60,"column":1},"end":{"line":60,"column":53}}},"7":{"name":"burnFrom","line":64,"loc":{"start":{"line":64,"column":1},"end":{"line":64,"column":72}}},"8":{"name":"approve","line":71,"loc":{"start":{"line":71,"column":1},"end":{"line":71,"column":74}}},"9":{"name":"balanceOf","line":78,"loc":{"start":{"line":78,"column":1},"end":{"line":78,"column":70}}},"10":{"name":"allowance","line":83,"loc":{"start":{"line":83,"column":1},"end":{"line":83,"column":88}}}},"statementMap":{"1":{"start":{"line":29,"column":2},"end":{"line":29,"column":35}},"2":{"start":{"line":34,"column":2},"end":{"line":34,"column":63}},"3":{"start":{"line":35,"column":2},"end":{"line":35,"column":26}},"4":{"start":{"line":36,"column":2},"end":{"line":36,"column":24}},"5":{"start":{"line":37,"column":2},"end":{"line":37,"column":29}},"6":{"start":{"line":38,"column":2},"end":{"line":38,"column":13}},"7":{"start":{"line":42,"column":2},"end":{"line":42,"column":43}},"8":{"start":{"line":46,"column":2},"end":{"line":46,"column":46}},"9":{"start":{"line":47,"column":4},"end":{"line":47,"column":39}},"10":{"start":{"line":48,"column":2},"end":{"line":48,"column":38}},"11":{"start":{"line":53,"column":2},"end":{"line":53,"column":49}},"12":{"start":{"line":54,"column":2},"end":{"line":54,"column":26}},"13":{"start":{"line":55,"column":2},"end":{"line":55,"column":22}},"14":{"start":{"line":56,"column":2},"end":{"line":56,"column":20}},"15":{"start":{"line":57,"column":2},"end":{"line":57,"column":13}},"16":{"start":{"line":61,"column":2},"end":{"line":61,"column":34}},"17":{"start":{"line":65,"column":2},"end":{"line":65,"column":46}},"18":{"start":{"line":66,"column":2},"end":{"line":66,"column":37}},"19":{"start":{"line":67,"column":2},"end":{"line":67,"column":29}},"20":{"start":{"line":72,"column":2},"end":{"line":72,"column":39}},"21":{"start":{"line":73,"column":2},"end":{"line":73,"column":39}},"22":{"start":{"line":74,"column":2},"end":{"line":74,"column":13}},"23":{"start":{"line":79,"column":2},"end":{"line":79,"column":25}},"24":{"start":{"line":84,"column":2},"end":{"line":84,"column":34}}},"branchMap":{"1":{"line":34,"type":"if","locations":[{"start":{"line":34,"column":2},"end":{"line":34,"column":2}},{"start":{"line":34,"column":2},"end":{"line":34,"column":2}}]},"2":{"line":46,"type":"if","locations":[{"start":{"line":46,"column":2},"end":{"line":46,"column":2}},{"start":{"line":46,"column":2},"end":{"line":46,"column":2}}]},"3":{"line":53,"type":"if","locations":[{"start":{"line":53,"column":2},"end":{"line":53,"column":2}},{"start":{"line":53,"column":2},"end":{"line":53,"column":2}}]},"4":{"line":65,"type":"if","locations":[{"start":{"line":65,"column":2},"end":{"line":65,"column":2}},{"start":{"line":65,"column":2},"end":{"line":65,"column":2}}]}}},"contracts/TestERC20.sol":{"l":{"29":1,"34":9,"35":8,"36":8,"37":8,"38":8,"42":6,"46":4,"47":3,"48":3,"53":2,"54":1,"55":1,"56":1,"57":1,"61":2,"65":1,"66":0,"67":0,"72":6,"73":6,"74":6,"79":23,"84":6},"path":"/Users/susruth/Desktop/Republic/atomic-swap/contracts/TestERC20.sol","s":{"1":1,"2":9,"3":8,"4":8,"5":8,"6":8,"7":6,"8":4,"9":3,"10":3,"11":2,"12":1,"13":1,"14":1,"15":1,"16":2,"17":1,"18":0,"19":0,"20":6,"21":6,"22":6,"23":23,"24":6},"b":{"1":[8,1],"2":[3,1],"3":[1,1],"4":[0,1]},"f":{"1":1,"2":9,"3":6,"4":4,"5":2,"6":2,"7":1,"8":6,"9":23,"10":6},"fnMap":{"1":{"name":"TestERC20","line":28,"loc":{"start":{"line":28,"column":1},"end":{"line":28,"column":29}}},"2":{"name":"_transfer","line":33,"loc":{"start":{"line":33,"column":1},"end":{"line":33,"column":88}}},"3":{"name":"transfer","line":41,"loc":{"start":{"line":41,"column":1},"end":{"line":41,"column":70}}},"4":{"name":"transferFrom","line":45,"loc":{"start":{"line":45,"column":1},"end":{"line":45,"column":89}}},"5":{"name":"_burn","line":52,"loc":{"start":{"line":52,"column":1},"end":{"line":52,"column":71}}},"6":{"name":"burn","line":60,"loc":{"start":{"line":60,"column":1},"end":{"line":60,"column":53}}},"7":{"name":"burnFrom","line":64,"loc":{"start":{"line":64,"column":1},"end":{"line":64,"column":72}}},"8":{"name":"approve","line":71,"loc":{"start":{"line":71,"column":1},"end":{"line":71,"column":74}}},"9":{"name":"balanceOf","line":78,"loc":{"start":{"line":78,"column":1},"end":{"line":78,"column":70}}},"10":{"name":"allowance","line":83,"loc":{"start":{"line":83,"column":1},"end":{"line":83,"column":88}}}},"statementMap":{"1":{"start":{"line":29,"column":2},"end":{"line":29,"column":35}},"2":{"start":{"line":34,"column":2},"end":{"line":34,"column":63}},"3":{"start":{"line":35,"column":2},"end":{"line":35,"column":26}},"4":{"start":{"line":36,"column":2},"end":{"line":36,"column":24}},"5":{"start":{"line":37,"column":2},"end":{"line":37,"column":29}},"6":{"start":{"line":38,"column":2},"end":{"line":38,"column":13}},"7":{"start":{"line":42,"column":2},"end":{"line":42,"column":43}},"8":{"start":{"line":46,"column":2},"end":{"line":46,"column":46}},"9":{"start":{"line":47,"column":4},"end":{"line":47,"column":39}},"10":{"start":{"line":48,"column":2},"end":{"line":48,"column":38}},"11":{"start":{"line":53,"column":2},"end":{"line":53,"column":49}},"12":{"start":{"line":54,"column":2},"end":{"line":54,"column":26}},"13":{"start":{"line":55,"column":2},"end":{"line":55,"column":22}},"14":{"start":{"line":56,"column":2},"end":{"line":56,"column":20}},"15":{"start":{"line":57,"column":2},"end":{"line":57,"column":13}},"16":{"start":{"line":61,"column":2},"end":{"line":61,"column":34}},"17":{"start":{"line":65,"column":2},"end":{"line":65,"column":46}},"18":{"start":{"line":66,"column":2},"end":{"line":66,"column":37}},"19":{"start":{"line":67,"column":2},"end":{"line":67,"column":29}},"20":{"start":{"line":72,"column":2},"end":{"line":72,"column":39}},"21":{"start":{"line":73,"column":2},"end":{"line":73,"column":39}},"22":{"start":{"line":74,"column":2},"end":{"line":74,"column":13}},"23":{"start":{"line":79,"column":2},"end":{"line":79,"column":25}},"24":{"start":{"line":84,"column":2},"end":{"line":84,"column":34}}},"branchMap":{"1":{"line":34,"type":"if","locations":[{"start":{"line":34,"column":2},"end":{"line":34,"column":2}},{"start":{"line":34,"column":2},"end":{"line":34,"column":2}}]},"2":{"line":46,"type":"if","locations":[{"start":{"line":46,"column":2},"end":{"line":46,"column":2}},{"start":{"line":46,"column":2},"end":{"line":46,"column":2}}]},"3":{"line":53,"type":"if","locations":[{"start":{"line":53,"column":2},"end":{"line":53,"column":2}},{"start":{"line":53,"column":2},"end":{"line":53,"column":2}}]},"4":{"line":65,"type":"if","locations":[{"start":{"line":65,"column":2},"end":{"line":65,"column":2}},{"start":{"line":65,"column":2},"end":{"line":65,"column":2}}]}}}}