{"contracts/AtomicSwapERC20.sol":{"l":{"32":2,"33":2,"38":2,"39":2,"44":1,"45":1,"50":1,"51":1,"57":1,"58":1,"63":2,"65":2,"66":2,"67":2,"70":2,"79":2,"80":2,"81":2,"86":1,"87":1,"88":1,"91":1,"92":1,"94":1,"99":1,"100":1,"103":1,"104":1,"106":1,"110":1,"111":1,"115":1,"116":1},"path":"/home/noah/github/republicprotocol/eth-atomic-swap/contracts/AtomicSwapERC20.sol","s":{"1":2,"2":2,"3":1,"4":1,"5":1,"6":2,"7":2,"8":2,"9":2,"10":2,"11":2,"12":2,"13":2,"14":1,"15":1,"16":1,"17":1,"18":1,"19":1,"20":1,"21":1,"22":1,"23":1,"24":1,"25":1,"26":1,"27":1,"28":1},"b":{"1":[2,0],"2":[2,0],"3":[1,0],"4":[1,0],"5":[1,0],"6":[2,0],"7":[2,0],"8":[2,0],"9":[1,0],"10":[1,0]},"f":{"1":2,"2":2,"3":1,"4":1,"5":1,"6":2,"7":1,"8":1,"9":1,"10":1},"fnMap":{"1":{"name":"onlyInvalidSwaps","line":31,"loc":{"start":{"line":31,"column":2},"end":{"line":31,"column":44}}},"2":{"name":"onlyOpenSwaps","line":37,"loc":{"start":{"line":37,"column":2},"end":{"line":37,"column":41}}},"3":{"name":"onlyClosedSwaps","line":43,"loc":{"start":{"line":43,"column":2},"end":{"line":43,"column":43}}},"4":{"name":"onlyExpirableSwaps","line":49,"loc":{"start":{"line":49,"column":2},"end":{"line":49,"column":46}}},"5":{"name":"onlyWithSecretKey","line":55,"loc":{"start":{"line":55,"column":2},"end":{"line":55,"column":63}}},"6":{"name":"open","line":62,"loc":{"start":{"line":62,"column":2},"end":{"line":62,"column":182}}},"7":{"name":"close","line":84,"loc":{"start":{"line":84,"column":2},"end":{"line":84,"column":120}}},"8":{"name":"expire","line":97,"loc":{"start":{"line":97,"column":2},"end":{"line":97,"column":92}}},"9":{"name":"check","line":109,"loc":{"start":{"line":109,"column":2},"end":{"line":109,"column":166}}},"10":{"name":"checkSecretKey","line":114,"loc":{"start":{"line":114,"column":2},"end":{"line":114,"column":105}}}},"statementMap":{"1":{"start":{"line":32,"column":4},"end":{"line":32,"column":654}},"2":{"start":{"line":38,"column":4},"end":{"line":38,"column":767}},"3":{"start":{"line":44,"column":4},"end":{"line":44,"column":879}},"4":{"start":{"line":50,"column":4},"end":{"line":50,"column":996}},"5":{"start":{"line":57,"column":4},"end":{"line":57,"column":1186}},"6":{"start":{"line":63,"column":4},"end":{"line":63,"column":49}},"7":{"start":{"line":65,"column":4},"end":{"line":65,"column":53}},"8":{"start":{"line":66,"column":4},"end":{"line":66,"column":77}},"9":{"start":{"line":67,"column":4},"end":{"line":67,"column":78}},"10":{"start":{"line":70,"column":4},"end":{"line":70,"column":1821}},"11":{"start":{"line":79,"column":4},"end":{"line":79,"column":24}},"12":{"start":{"line":80,"column":4},"end":{"line":80,"column":36}},"13":{"start":{"line":81,"column":4},"end":{"line":81,"column":46}},"14":{"start":{"line":86,"column":4},"end":{"line":86,"column":36}},"15":{"start":{"line":87,"column":4},"end":{"line":87,"column":40}},"16":{"start":{"line":88,"column":4},"end":{"line":88,"column":38}},"17":{"start":{"line":91,"column":4},"end":{"line":91,"column":57}},"18":{"start":{"line":92,"column":4},"end":{"line":92,"column":72}},"19":{"start":{"line":94,"column":4},"end":{"line":94,"column":29}},"20":{"start":{"line":99,"column":4},"end":{"line":99,"column":36}},"21":{"start":{"line":100,"column":4},"end":{"line":100,"column":39}},"22":{"start":{"line":103,"column":4},"end":{"line":103,"column":57}},"23":{"start":{"line":104,"column":4},"end":{"line":104,"column":69}},"24":{"start":{"line":106,"column":4},"end":{"line":106,"column":18}},"25":{"start":{"line":110,"column":4},"end":{"line":110,"column":36}},"26":{"start":{"line":111,"column":4},"end":{"line":111,"column":108}},"27":{"start":{"line":115,"column":4},"end":{"line":115,"column":36}},"28":{"start":{"line":116,"column":4},"end":{"line":116,"column":25}}},"branchMap":{"1":{"line":32,"type":"if","locations":[{"start":{"line":32,"column":4},"end":{"line":32,"column":4}},{"start":{"line":32,"column":4},"end":{"line":32,"column":4}}]},"2":{"line":38,"type":"if","locations":[{"start":{"line":38,"column":4},"end":{"line":38,"column":4}},{"start":{"line":38,"column":4},"end":{"line":38,"column":4}}]},"3":{"line":44,"type":"if","locations":[{"start":{"line":44,"column":4},"end":{"line":44,"column":4}},{"start":{"line":44,"column":4},"end":{"line":44,"column":4}}]},"4":{"line":50,"type":"if","locations":[{"start":{"line":50,"column":4},"end":{"line":50,"column":4}},{"start":{"line":50,"column":4},"end":{"line":50,"column":4}}]},"5":{"line":57,"type":"if","locations":[{"start":{"line":57,"column":4},"end":{"line":57,"column":4}},{"start":{"line":57,"column":4},"end":{"line":57,"column":4}}]},"6":{"line":63,"type":"if","locations":[{"start":{"line":63,"column":4},"end":{"line":63,"column":4}},{"start":{"line":63,"column":4},"end":{"line":63,"column":4}}]},"7":{"line":66,"type":"if","locations":[{"start":{"line":66,"column":4},"end":{"line":66,"column":4}},{"start":{"line":66,"column":4},"end":{"line":66,"column":4}}]},"8":{"line":67,"type":"if","locations":[{"start":{"line":67,"column":4},"end":{"line":67,"column":4}},{"start":{"line":67,"column":4},"end":{"line":67,"column":4}}]},"9":{"line":92,"type":"if","locations":[{"start":{"line":92,"column":4},"end":{"line":92,"column":4}},{"start":{"line":92,"column":4},"end":{"line":92,"column":4}}]},"10":{"line":104,"type":"if","locations":[{"start":{"line":104,"column":4},"end":{"line":104,"column":4}},{"start":{"line":104,"column":4},"end":{"line":104,"column":4}}]}}},"contracts/AtomicSwapERC20ToERC20.sol":{"l":{"31":2,"32":2,"37":2,"38":2,"44":2,"45":2,"46":2,"49":2,"57":2,"58":2,"60":2,"65":1,"66":1,"69":1,"70":1,"71":1,"74":1,"75":1,"77":1,"82":1,"83":1,"86":1,"87":1,"89":1,"93":1,"94":1},"path":"/home/noah/github/republicprotocol/eth-atomic-swap/contracts/AtomicSwapERC20ToERC20.sol","s":{"1":2,"2":2,"3":2,"4":2,"5":2,"6":2,"7":2,"8":2,"9":2,"10":1,"11":1,"12":1,"13":1,"14":1,"15":1,"16":1,"17":1,"18":1,"19":1,"20":1,"21":1,"22":1,"23":1,"24":1},"b":{"1":[2,0],"2":[2,0],"3":[2,0],"4":[2,0],"5":[1,0],"6":[1,0],"7":[1,0],"8":[1,0]},"f":{"1":2,"2":2,"3":2,"4":1,"5":1,"6":1},"fnMap":{"1":{"name":"onlyInvalidSwaps","line":30,"loc":{"start":{"line":30,"column":2},"end":{"line":30,"column":44}}},"2":{"name":"onlyOpenSwaps","line":36,"loc":{"start":{"line":36,"column":2},"end":{"line":36,"column":41}}},"3":{"name":"open","line":42,"loc":{"start":{"line":42,"column":2},"end":{"line":42,"column":189}}},"4":{"name":"close","line":63,"loc":{"start":{"line":63,"column":2},"end":{"line":63,"column":63}}},"5":{"name":"expire","line":80,"loc":{"start":{"line":80,"column":2},"end":{"line":80,"column":64}}},"6":{"name":"check","line":92,"loc":{"start":{"line":92,"column":2},"end":{"line":92,"column":173}}}},"statementMap":{"1":{"start":{"line":31,"column":4},"end":{"line":31,"column":605}},"2":{"start":{"line":37,"column":4},"end":{"line":37,"column":718}},"3":{"start":{"line":44,"column":4},"end":{"line":44,"column":56}},"4":{"start":{"line":45,"column":4},"end":{"line":45,"column":80}},"5":{"start":{"line":46,"column":4},"end":{"line":46,"column":81}},"6":{"start":{"line":49,"column":4},"end":{"line":49,"column":1306}},"7":{"start":{"line":57,"column":4},"end":{"line":57,"column":24}},"8":{"start":{"line":58,"column":4},"end":{"line":58,"column":36}},"9":{"start":{"line":60,"column":4},"end":{"line":60,"column":30}},"10":{"start":{"line":65,"column":4},"end":{"line":65,"column":36}},"11":{"start":{"line":66,"column":4},"end":{"line":66,"column":38}},"12":{"start":{"line":69,"column":4},"end":{"line":69,"column":62}},"13":{"start":{"line":70,"column":4},"end":{"line":70,"column":92}},"14":{"start":{"line":71,"column":4},"end":{"line":71,"column":95}},"15":{"start":{"line":74,"column":4},"end":{"line":74,"column":60}},"16":{"start":{"line":75,"column":4},"end":{"line":75,"column":72}},"17":{"start":{"line":77,"column":4},"end":{"line":77,"column":17}},"18":{"start":{"line":82,"column":4},"end":{"line":82,"column":36}},"19":{"start":{"line":83,"column":4},"end":{"line":83,"column":39}},"20":{"start":{"line":86,"column":4},"end":{"line":86,"column":60}},"21":{"start":{"line":87,"column":4},"end":{"line":87,"column":71}},"22":{"start":{"line":89,"column":4},"end":{"line":89,"column":18}},"23":{"start":{"line":93,"column":4},"end":{"line":93,"column":36}},"24":{"start":{"line":94,"column":4},"end":{"line":94,"column":115}}},"branchMap":{"1":{"line":31,"type":"if","locations":[{"start":{"line":31,"column":4},"end":{"line":31,"column":4}},{"start":{"line":31,"column":4},"end":{"line":31,"column":4}}]},"2":{"line":37,"type":"if","locations":[{"start":{"line":37,"column":4},"end":{"line":37,"column":4}},{"start":{"line":37,"column":4},"end":{"line":37,"column":4}}]},"3":{"line":45,"type":"if","locations":[{"start":{"line":45,"column":4},"end":{"line":45,"column":4}},{"start":{"line":45,"column":4},"end":{"line":45,"column":4}}]},"4":{"line":46,"type":"if","locations":[{"start":{"line":46,"column":4},"end":{"line":46,"column":4}},{"start":{"line":46,"column":4},"end":{"line":46,"column":4}}]},"5":{"line":70,"type":"if","locations":[{"start":{"line":70,"column":4},"end":{"line":70,"column":4}},{"start":{"line":70,"column":4},"end":{"line":70,"column":4}}]},"6":{"line":71,"type":"if","locations":[{"start":{"line":71,"column":4},"end":{"line":71,"column":4}},{"start":{"line":71,"column":4},"end":{"line":71,"column":4}}]},"7":{"line":75,"type":"if","locations":[{"start":{"line":75,"column":4},"end":{"line":75,"column":4}},{"start":{"line":75,"column":4},"end":{"line":75,"column":4}}]},"8":{"line":87,"type":"if","locations":[{"start":{"line":87,"column":4},"end":{"line":87,"column":4}},{"start":{"line":87,"column":4},"end":{"line":87,"column":4}}]}}},"contracts/AtomicSwapEther.sol":{"l":{"29":2,"30":2,"35":2,"36":2,"41":1,"42":1,"47":1,"48":1,"54":1,"55":1,"61":2,"69":2,"70":2,"73":2,"78":1,"79":1,"80":1,"83":1,"86":1,"91":1,"92":1,"95":1,"98":1,"102":1,"103":1,"107":1,"108":1},"path":"/home/noah/github/republicprotocol/eth-atomic-swap/contracts/AtomicSwapEther.sol","s":{"1":2,"2":2,"3":1,"4":1,"5":1,"6":2,"7":2,"8":2,"9":2,"10":1,"11":1,"12":1,"13":1,"14":1,"15":1,"16":1,"17":1,"18":1,"19":1,"20":1},"b":{"1":[2,0],"2":[2,0],"3":[1,0],"4":[1,0],"5":[1,0]},"f":{"1":2,"2":2,"3":1,"4":1,"5":1,"6":2,"7":1,"8":1,"9":1,"10":1},"fnMap":{"1":{"name":"onlyInvalidSwaps","line":28,"loc":{"start":{"line":28,"column":2},"end":{"line":28,"column":44}}},"2":{"name":"onlyOpenSwaps","line":34,"loc":{"start":{"line":34,"column":2},"end":{"line":34,"column":41}}},"3":{"name":"onlyClosedSwaps","line":40,"loc":{"start":{"line":40,"column":2},"end":{"line":40,"column":43}}},"4":{"name":"onlyExpirableSwaps","line":46,"loc":{"start":{"line":46,"column":2},"end":{"line":46,"column":46}}},"5":{"name":"onlyWithSecretKey","line":52,"loc":{"start":{"line":52,"column":2},"end":{"line":52,"column":63}}},"6":{"name":"open","line":59,"loc":{"start":{"line":59,"column":2},"end":{"line":59,"column":138}}},"7":{"name":"close","line":76,"loc":{"start":{"line":76,"column":2},"end":{"line":76,"column":120}}},"8":{"name":"expire","line":89,"loc":{"start":{"line":89,"column":2},"end":{"line":89,"column":92}}},"9":{"name":"check","line":101,"loc":{"start":{"line":101,"column":2},"end":{"line":101,"column":131}}},"10":{"name":"checkSecretKey","line":106,"loc":{"start":{"line":106,"column":2},"end":{"line":106,"column":105}}}},"statementMap":{"1":{"start":{"line":29,"column":4},"end":{"line":29,"column":590}},"2":{"start":{"line":35,"column":4},"end":{"line":35,"column":703}},"3":{"start":{"line":41,"column":4},"end":{"line":41,"column":815}},"4":{"start":{"line":47,"column":4},"end":{"line":47,"column":932}},"5":{"start":{"line":54,"column":4},"end":{"line":54,"column":1122}},"6":{"start":{"line":61,"column":4},"end":{"line":61,"column":1381}},"7":{"start":{"line":69,"column":4},"end":{"line":69,"column":24}},"8":{"start":{"line":70,"column":4},"end":{"line":70,"column":36}},"9":{"start":{"line":73,"column":4},"end":{"line":73,"column":46}},"10":{"start":{"line":78,"column":4},"end":{"line":78,"column":36}},"11":{"start":{"line":79,"column":4},"end":{"line":79,"column":40}},"12":{"start":{"line":80,"column":4},"end":{"line":80,"column":38}},"13":{"start":{"line":86,"column":4},"end":{"line":86,"column":29}},"14":{"start":{"line":91,"column":4},"end":{"line":91,"column":36}},"15":{"start":{"line":92,"column":4},"end":{"line":92,"column":39}},"16":{"start":{"line":98,"column":4},"end":{"line":98,"column":18}},"17":{"start":{"line":102,"column":4},"end":{"line":102,"column":36}},"18":{"start":{"line":103,"column":4},"end":{"line":103,"column":76}},"19":{"start":{"line":107,"column":4},"end":{"line":107,"column":36}},"20":{"start":{"line":108,"column":4},"end":{"line":108,"column":25}}},"branchMap":{"1":{"line":29,"type":"if","locations":[{"start":{"line":29,"column":4},"end":{"line":29,"column":4}},{"start":{"line":29,"column":4},"end":{"line":29,"column":4}}]},"2":{"line":35,"type":"if","locations":[{"start":{"line":35,"column":4},"end":{"line":35,"column":4}},{"start":{"line":35,"column":4},"end":{"line":35,"column":4}}]},"3":{"line":41,"type":"if","locations":[{"start":{"line":41,"column":4},"end":{"line":41,"column":4}},{"start":{"line":41,"column":4},"end":{"line":41,"column":4}}]},"4":{"line":47,"type":"if","locations":[{"start":{"line":47,"column":4},"end":{"line":47,"column":4}},{"start":{"line":47,"column":4},"end":{"line":47,"column":4}}]},"5":{"line":54,"type":"if","locations":[{"start":{"line":54,"column":4},"end":{"line":54,"column":4}},{"start":{"line":54,"column":4},"end":{"line":54,"column":4}}]}}},"contracts/AtomicSwapEtherToERC20.sol":{"l":{"30":2,"31":2,"36":2,"37":2,"43":2,"50":2,"51":2,"53":2,"58":1,"59":1,"62":1,"63":1,"64":1,"67":1,"69":1,"74":1,"75":1,"78":1,"79":1,"83":1,"84":1},"path":"/home/noah/github/republicprotocol/eth-atomic-swap/contracts/AtomicSwapEtherToERC20.sol","s":{"1":2,"2":2,"3":2,"4":2,"5":2,"6":2,"7":1,"8":1,"9":1,"10":1,"11":1,"12":1,"13":1,"14":1,"15":1,"16":1,"17":1},"b":{"1":[2,0],"2":[2,0],"3":[1,0],"4":[1,0]},"f":{"1":2,"2":2,"3":2,"4":1,"5":1,"6":1},"fnMap":{"1":{"name":"onlyInvalidSwaps","line":29,"loc":{"start":{"line":29,"column":2},"end":{"line":29,"column":44}}},"2":{"name":"onlyOpenSwaps","line":35,"loc":{"start":{"line":35,"column":2},"end":{"line":35,"column":41}}},"3":{"name":"open","line":41,"loc":{"start":{"line":41,"column":2},"end":{"line":41,"column":147}}},"4":{"name":"close","line":56,"loc":{"start":{"line":56,"column":2},"end":{"line":56,"column":63}}},"5":{"name":"expire","line":72,"loc":{"start":{"line":72,"column":2},"end":{"line":72,"column":64}}},"6":{"name":"check","line":82,"loc":{"start":{"line":82,"column":2},"end":{"line":82,"column":140}}}},"statementMap":{"1":{"start":{"line":30,"column":4},"end":{"line":30,"column":567}},"2":{"start":{"line":36,"column":4},"end":{"line":36,"column":680}},"3":{"start":{"line":43,"column":4},"end":{"line":43,"column":935}},"4":{"start":{"line":50,"column":4},"end":{"line":50,"column":24}},"5":{"start":{"line":51,"column":4},"end":{"line":51,"column":36}},"6":{"start":{"line":53,"column":4},"end":{"line":53,"column":30}},"7":{"start":{"line":58,"column":4},"end":{"line":58,"column":36}},"8":{"start":{"line":59,"column":4},"end":{"line":59,"column":38}},"9":{"start":{"line":62,"column":4},"end":{"line":62,"column":57}},"10":{"start":{"line":63,"column":4},"end":{"line":63,"column":87}},"11":{"start":{"line":64,"column":4},"end":{"line":64,"column":89}},"12":{"start":{"line":69,"column":4},"end":{"line":69,"column":17}},"13":{"start":{"line":74,"column":4},"end":{"line":74,"column":36}},"14":{"start":{"line":75,"column":4},"end":{"line":75,"column":39}},"15":{"start":{"line":79,"column":4},"end":{"line":79,"column":18}},"16":{"start":{"line":83,"column":4},"end":{"line":83,"column":36}},"17":{"start":{"line":84,"column":4},"end":{"line":84,"column":86}}},"branchMap":{"1":{"line":30,"type":"if","locations":[{"start":{"line":30,"column":4},"end":{"line":30,"column":4}},{"start":{"line":30,"column":4},"end":{"line":30,"column":4}}]},"2":{"line":36,"type":"if","locations":[{"start":{"line":36,"column":4},"end":{"line":36,"column":4}},{"start":{"line":36,"column":4},"end":{"line":36,"column":4}}]},"3":{"line":63,"type":"if","locations":[{"start":{"line":63,"column":4},"end":{"line":63,"column":4}},{"start":{"line":63,"column":4},"end":{"line":63,"column":4}}]},"4":{"line":64,"type":"if","locations":[{"start":{"line":64,"column":4},"end":{"line":64,"column":4}},{"start":{"line":64,"column":4},"end":{"line":64,"column":4}}]}}},"contracts/ERC20.sol":{"l":{},"path":"/home/noah/github/republicprotocol/eth-atomic-swap/contracts/ERC20.sol","s":{},"b":{},"f":{},"fnMap":{},"statementMap":{},"branchMap":{}}}